<?xml version="1.0" encoding="UTF-8"?>
<!-- Generated by org.testng.reporters.JUnitXMLReporter -->
<testsuite hostname="Chirag-PC" ignored="0" name="Default test" tests="5" failures="0" timestamp="27 Sep 2019 07:05:02 GMT" time="27.555" errors="0">
  <testcase name="browser" time="4.877" classname="com.auto.ActionsPractice"/>
  <testcase name="logIn" time="5.973" classname="com.auto.ActionsPractice"/>
  <testcase name="searchProduct" time="6.272" classname="com.auto.ActionsPractice"/>
  <testcase name="identifyProduct" time="6.049" classname="com.auto.ActionsPractice"/>
  <testcase name="addToCart" time="4.325" classname="com.auto.ActionsPractice"/>
</testsuite> <!-- Default test -->
